<?xml version="1.0" encoding="UTF-8"?>
<!-- Generated by org.testng.reporters.JUnitReportReporter -->
<testsuite skipped="0" hostname="lougani-1983" name="com.w2a.testcases.LoginTest" tests="1" failures="0" timestamp="02 Aug 2019 19:48:01 GMT" time="3.317" errors="0">
  <testcase name="loginTest" time="3.317" classname="com.w2a.testcases.LoginTest"/>
</testsuite> <!-- com.w2a.testcases.LoginTest -->
