<?xml version="1.0" encoding="UTF-8"?>
<!-- Generated by org.testng.reporters.JUnitReportReporter -->
<testsuite skipped="0" hostname="lougani-1983" name="com.w2a.testcases.LoginTest" tests="1" failures="0" timestamp="02 Aug 2019 20:02:57 GMT" time="9.643" errors="0">
  <testcase name="loginTest" time="9.643" classname="com.w2a.testcases.LoginTest"/>
</testsuite> <!-- com.w2a.testcases.LoginTest -->
